mode: atomic
github.com/lucas-simao/algorithms/binary/main.go:8.13,15.30 4 0
github.com/lucas-simao/algorithms/binary/main.go:15.30,17.3 1 0
github.com/lucas-simao/algorithms/binary/main.go:19.2,21.102 2 0
github.com/lucas-simao/algorithms/binary/main.go:25.47,30.6 3 7
github.com/lucas-simao/algorithms/binary/main.go:30.6,35.21 3 87
github.com/lucas-simao/algorithms/binary/main.go:35.21,37.4 1 7
github.com/lucas-simao/algorithms/binary/main.go:38.3,38.20 1 80
github.com/lucas-simao/algorithms/binary/main.go:38.20,40.4 1 44
github.com/lucas-simao/algorithms/binary/main.go:40.9,42.4 1 36
github.com/lucas-simao/algorithms/binary/main.go:44.3,44.10 1 80
